<?xml version="1.0" encoding="UTF-8"?>
<!-- Generated by org.testng.reporters.JUnitReportReporter -->
<testsuite skipped="0" hostname="TYSS-4F-083" name="samplePro.SampleTest" tests="1" failures="0" timestamp="06 Apr 2018 11:46:10 GMT" time="21.075" errors="0">
  <testcase name="operations" time="21.075" classname="samplePro.SampleTest"/>
</testsuite> <!-- samplePro.SampleTest -->
