<?xml version="1.0" encoding="UTF-8"?>
<!-- Generated by org.testng.reporters.JUnitReportReporter -->
<testsuite hostname="TYSS-4F-083" name="samplePro.Calculator" tests="1" failures="0" timestamp="12 Apr 2018 11:32:18 GMT" time="16.858" errors="0">
  <testcase name="testOperations" time="16.858" classname="samplePro.Calculator"/>
</testsuite> <!-- samplePro.Calculator -->
