<?xml version="1.0" encoding="UTF-8"?>
<!-- Generated by org.testng.reporters.JUnitReportReporter -->
<testsuite hostname="TYSS-4F-083" name="samplePro.LaunchBrowser" tests="1" failures="0" timestamp="13 Apr 2018 10:52:17 GMT" time="40.494" errors="0">
  <testcase name="lauchChrome" time="40.494" classname="samplePro.LaunchBrowser"/>
</testsuite> <!-- samplePro.LaunchBrowser -->
